Arguments: 
  /usr/bin/node /home/alex/.yarn/bin/yarn.js test

PATH: 
  /home/alex/.cargo/bin:/home/alex/.bun/bin:/home/alex/.local/bin/:/home/alex/.yarn/bin:/home/alex/.config/yarn/global/node_modules/.bin:/home/alex/.bun/bin:/home/alex/.local/bin/:/home/alex/.yarn/bin:/home/alex/.config/yarn/global/node_modules/.bin:/home/alex/.cargo/bin:/home/alex/.luarocks/bin:/usr/local/sbin:/usr/local/bin:/usr/bin:/home/alex/.dotnet/tools:/usr/lib/emscripten:/usr/lib/jvm/default/bin:/usr/bin/site_perl:/usr/bin/vendor_perl:/usr/bin/core_perl:/usr/lib/rustup/bin:/usr/local/go/bin:/usr/local/go/bin

Yarn version: 
  1.22.5

Node version: 
  21.2.0

Platform: 
  linux x64

Trace: 
  SyntaxError: /home/alex/prog/javascript/battler/package.json: Expected ',' or '}' after property value in JSON at position 89 (line 5 column 9)
      at JSON.parse (<anonymous>)
      at /home/alex/.yarn/lib/cli.js:1625:59
      at Generator.next (<anonymous>)
      at step (/home/alex/.yarn/lib/cli.js:310:30)
      at /home/alex/.yarn/lib/cli.js:321:13

npm manifest: 
  {
      "type":"module",
      "scripts":{
          "start":"xdg-open src/index.html"
          "test":"xdg-open test/test.html"
      }
  }

yarn manifest: 
  No manifest

Lockfile: 
  # THIS IS AN AUTOGENERATED FILE. DO NOT EDIT THIS FILE DIRECTLY.
  # yarn lockfile v1
